<?xml version="1.0" encoding="UTF-8"?>
<!-- Generated by org.testng.reporters.JUnitReportReporter -->
<testsuite hostname="HP-Laptop" failures="0" tests="3" name="APICall.ApiGetCall" time="7.375" errors="0" timestamp="2023-10-21T03:01:22 EDT" skipped="0">
  <testcase classname="APICall.ApiGetCall" name="getUsers" time="2.389"/>
  <testcase classname="APICall.ApiGetCall" name="getAUserWithQuaryParam" time="2.111"/>
  <testcase classname="APICall.ApiGetCall" name="headersMapVsHeadersArray" time="2.875"/>
</testsuite> <!-- APICall.ApiGetCall -->
